SF:lib/view/main.dart
DA:10,0
DA:11,0
DA:15,1
DA:18,0
DA:20,0
DA:22,0
DA:31,2
DA:33,1
DA:34,1
DA:39,1
DA:41,1
DA:42,1
DA:45,1
DA:47,1
DA:48,2
DA:49,2
DA:51,1
DA:52,2
DA:54,1
DA:55,1
DA:56,1
DA:57,1
DA:59,1
DA:60,1
DA:61,1
DA:62,1
DA:63,1
DA:64,1
DA:67,1
DA:69,1
DA:70,1
DA:71,1
DA:72,1
DA:73,1
DA:74,1
DA:78,1
DA:79,1
DA:80,1
DA:84,1
DA:86,3
DA:87,3
DA:88,1
DA:89,1
DA:90,1
DA:92,1
DA:95,1
DA:106,1
DA:113,1
DA:114,1
DA:116,1
DA:117,1
DA:118,1
DA:120,1
DA:121,1
DA:122,1
LF:55
LH:50
end_of_record
SF:lib/constans/image/image_constans.dart
DA:4,0
LF:1
LH:0
end_of_record
SF:lib/dimens/base_dimens.dart
DA:8,2
DA:24,0
DA:27,0
DA:29,1
DA:30,3
DA:32,4
DA:33,4
DA:34,3
DA:36,2
DA:37,1
DA:38,0
DA:40,2
DA:41,1
DA:42,0
DA:44,1
DA:47,0
DA:49,1
DA:51,5
DA:52,1
DA:53,1
DA:55,1
DA:56,2
DA:57,2
DA:58,1
DA:59,1
DA:60,2
DA:61,2
DA:62,2
DA:63,2
DA:65,1
DA:69,0
DA:70,0
DA:71,0
DA:74,0
DA:75,0
DA:76,0
DA:77,0
DA:78,0
DA:79,0
DA:80,0
DA:81,0
DA:82,0
LF:42
LH:25
end_of_record
SF:lib/dimens/dimens_main_view.dart
DA:20,1
DA:22,3
DA:23,2
DA:24,0
DA:25,3
DA:26,2
DA:27,0
DA:28,3
DA:29,2
DA:30,0
DA:31,3
DA:32,2
DA:33,0
DA:34,3
DA:35,2
DA:36,0
DA:37,3
DA:38,2
DA:39,0
DA:40,3
DA:41,2
DA:42,0
DA:43,3
DA:44,2
DA:45,0
DA:46,3
DA:47,2
DA:48,0
DA:49,3
DA:50,2
DA:51,0
DA:53,3
DA:54,2
DA:55,0
LF:34
LH:23
end_of_record
SF:lib/dimens/dimens_manager.dart
DA:7,1
DA:9,2
DA:13,3
DA:15,1
DA:16,2
DA:19,1
DA:20,1
DA:23,1
DA:24,1
DA:28,1
DA:30,1
DA:31,2
LF:12
LH:12
end_of_record
SF:lib/view/base_view.dart
DA:4,2
DA:6,0
DA:7,0
DA:12,1
DA:14,1
DA:15,1
DA:16,2
DA:17,4
DA:20,0
DA:25,1
DA:28,0
DA:30,0
DA:33,0
DA:35,0
DA:36,0
LF:15
LH:7
end_of_record
